[2025-05-18 16:56:49] Sessione creata: session_test_user_monitor_1747580209-35664_1747580209_4321
[2025-05-18 17:06:53] Pulite 1 sessioni
[2025-05-18 17:06:53] Rimossi 1 file di sessione orfani
[2025-05-18 17:06:53] Sessione creata: session_test_user_monitor_1747580813-35664_1747580813_4119
[2025-05-18 17:06:58] Pulite 1 sessioni
[2025-05-18 17:21:29] Rimossi 3 file di sessione orfani
[2025-05-18 17:21:29] Sessione creata: session_test_user_monitor_1747581689-55184_1747581689_7927
[2025-05-18 17:21:41] Pulite 1 sessioni
[2025-05-18 17:25:02] Sessione orfana rimossa: session_test_user_monitor_1747581689-55184_1747581689_7927.session
[2025-05-18 17:25:20] Rimossi 1 file di sessione orfani
[2025-05-18 17:25:20] Sessione creata: session_test_user_monitor_1747581920-37068_1747581920_6315
[2025-05-18 17:25:32] Pulite 1 sessioni
[2025-05-18 17:26:24] Rimossi 1 file di sessione orfani
[2025-05-18 17:26:47] Sessione orfana rimossa: session_test_user.session
[2025-05-18 17:26:57] Rimossi 1 file di sessione orfani
[2025-05-18 17:27:06] Rimossi 1 file di sessione orfani
[2025-05-18 17:28:07] Sessione orfana rimossa: session_test_user.session
[2025-05-18 17:35:35] Sessione orfana rimossa: session_test_user.session
[2025-05-18 17:36:01] Rimossi 1 file di sessione orfani
[2025-05-18 18:15:14] Sessione orfana rimossa: session_test_user.session
[2025-05-18 21:22:38] Rimossi 1 file di sessione orfani
[2025-05-18 21:22:45] Sessione orfana rimossa: session_test_user.session
[2025-05-18 21:22:49] Sessione creata: session_test_user_monitor_1747596169-21404_1747596169_8533
[2025-05-18 21:23:08] Pulite 1 sessioni
[2025-05-18 21:24:23] Rimossi 2 file di sessione orfani
[2025-05-18 21:25:17] Rimossi 1 file di sessione orfani
[2025-05-18 21:25:17] Sessione creata: session_test_user_monitor_1747596317-48804_1747596317_5065
[2025-05-18 21:25:29] Pulite 1 sessioni
[2025-05-18 21:27:26] Rimossi 1 file di sessione orfani
[2025-05-18 21:34:28] Sessione orfana rimossa: session_Test.session
[2025-05-18 21:40:10] Sessione orfana rimossa: session_Test.session
[2025-05-18 21:48:03] Sessione orfana rimossa: session_Test.session
[2025-05-18 21:48:33] Sessione orfana rimossa: session_TEST.session
[2025-05-18 21:49:01] Sessione orfana rimossa: session_TEST.session
[2025-05-18 21:52:36] Sessione orfana rimossa: session_TEST.session
[2025-05-18 22:10:49] Sessione orfana rimossa: session_MrKlaus.session
[2025-05-18 22:10:49] Sessione orfana rimossa: session_TEST.session
[2025-05-18 22:10:49] Sessione orfana rimossa: session_TST.session
[2025-05-19 14:52:11] Sessione orfana rimossa: session_MrKlaus.session
[2025-05-19 14:52:11] Sessione orfana rimossa: session_TEST.session
[2025-05-19 14:52:11] Sessione orfana rimossa: session_TST.session
[2025-05-19 14:53:00] Rimossi 1 file di sessione orfani
[2025-05-19 15:15:38] Sessione orfana rimossa: session_MrKlaus.session
[2025-05-19 15:27:35] Sessione orfana rimossa: session_MrKlaus.session
[2025-05-19 15:28:17] Sessione orfana rimossa: session_Treingenia.session
[2025-05-19 15:29:43] Sessione orfana rimossa: session_Treingenia.session
[2025-05-19 15:40:49] Sessione orfana rimossa: session_Treingenia.session
